<?xml version="1.0" encoding="utf-8"?><testsuites><testsuite name="pytest" errors="0" failures="0" skipped="8" tests="12" time="1.694" timestamp="2022-07-13T09:36:21.002257" hostname="OLI-OMEN"><testcase classname="bumpversion" name="FLAKE8" time="0.001"><skipped type="pytest.skip" message="file(s) previously passed FLAKE8 checks">/home/olivier/dev/kairntech/pyconverters_newsml/.tox/py38/lib/python3.8/site-packages/pytest_flake8.py:124: file(s) previously passed FLAKE8 checks</skipped></testcase><testcase classname="src.pyconverters_newsml.__init__" name="FLAKE8" time="0.001"><skipped type="pytest.skip" message="file(s) previously passed FLAKE8 checks">/home/olivier/dev/kairntech/pyconverters_newsml/.tox/py38/lib/python3.8/site-packages/pytest_flake8.py:124: file(s) previously passed FLAKE8 checks</skipped></testcase><testcase classname="src.pyconverters_newsml.newsml" name="FLAKE8" time="0.001"><skipped type="pytest.skip" message="file(s) previously passed FLAKE8 checks">/home/olivier/dev/kairntech/pyconverters_newsml/.tox/py38/lib/python3.8/site-packages/pytest_flake8.py:124: file(s) previously passed FLAKE8 checks</skipped></testcase><testcase classname="tests.test_newsml" name="FLAKE8" time="0.221" /><testcase classname="tests.test_newsml" name="test_newsml_text" time="0.770" /><testcase classname="tests.test_newsml" name="test_newsml_pics" time="0.008" /><testcase classname="tests.test_newsml" name="test_newsml_agenda" time="0.010" /><testcase classname="tests.test_newsml" name="test_consolidate_cats" time="0.000"><skipped type="pytest.skip" message="Not a test">/home/olivier/dev/kairntech/pyconverters_newsml/tests/test_newsml.py:234: Not a test</skipped></testcase><testcase classname="tests.test_newsml" name="test_downsampling_cats" time="0.000"><skipped type="pytest.skip" message="Not a test">/home/olivier/dev/kairntech/pyconverters_newsml/tests/test_newsml.py:273: Not a test</skipped></testcase><testcase classname="tests.test_newsml" name="test_downsampling_kw" time="0.000"><skipped type="pytest.skip" message="Not a test">/home/olivier/dev/kairntech/pyconverters_newsml/tests/test_newsml.py:293: Not a test</skipped></testcase><testcase classname="tests.test_newsml" name="test_downsampling_pandemic" time="0.000"><skipped type="pytest.skip" message="Not a test">/home/olivier/dev/kairntech/pyconverters_newsml/tests/test_newsml.py:371: Not a test</skipped></testcase><testcase classname="tests.test_newsml" name="test_compute_fingerprint" time="0.000"><skipped type="pytest.skip" message="Not a test">/home/olivier/dev/kairntech/pyconverters_newsml/tests/test_newsml.py:444: Not a test</skipped></testcase></testsuite></testsuites>